<?xml version="1.0" encoding="UTF-8"?>
<!-- Generated by org.testng.reporters.JUnitReportReporter -->
<testsuite hostname="DESKTOP-6LGQ6RF" failures="0" tests="1" name="com.framework.tests.AmazonTests" time="21.632" errors="0" timestamp="2023-02-13T16:51:51 IST" skipped="0">
  <testcase classname="com.framework.tests.AmazonTests" name="verifyThatIAmAbleToRunMyFirstAutomatedTest" time="21.632"/>
  <system-out/>
</testsuite> <!-- com.framework.tests.AmazonTests -->
